<?xml version="1.0" encoding="UTF-8"?>
<testng-results ignored="0" total="1" passed="1" failed="0" skipped="0">
  <reporter-output>
  </reporter-output>
  <suite started-at="2023-07-16T19:44:55 CEST" name="Default suite" finished-at="2023-07-16T19:45:00 CEST" duration-ms="5244">
    <groups>
    </groups>
    <test started-at="2023-07-16T19:44:55 CEST" name="Default test" finished-at="2023-07-16T19:45:00 CEST" duration-ms="5244">
      <class name="vezba.homePageTest">
        <test-method is-config="true" signature="setup()[pri:0, instance:vezba.homePageTest@248e319b]" started-at="2023-07-16T19:44:55 CEST" name="setup" finished-at="2023-07-16T19:44:59 CEST" duration-ms="3873" status="PASS">
          <reporter-output>
          </reporter-output>
        </test-method> <!-- setup -->
        <test-method signature="firstTest()[pri:0, instance:vezba.homePageTest@248e319b]" started-at="2023-07-16T19:44:59 CEST" name="firstTest" finished-at="2023-07-16T19:45:00 CEST" duration-ms="1120" status="PASS">
          <reporter-output>
          </reporter-output>
        </test-method> <!-- firstTest -->
        <test-method is-config="true" signature="tearDown()[pri:0, instance:vezba.homePageTest@248e319b]" started-at="2023-07-16T19:45:00 CEST" name="tearDown" finished-at="2023-07-16T19:45:00 CEST" duration-ms="191" status="PASS">
          <reporter-output>
          </reporter-output>
        </test-method> <!-- tearDown -->
      </class> <!-- vezba.homePageTest -->
    </test> <!-- Default test -->
  </suite> <!-- Default suite -->
</testng-results>
